InChI version 1, Software v. 1.06 (inchi-1 executable) 
Linux 64-bit Build (gcc 4.8.5 20150623 (Red Hat 4.8.5-39)) of Dec 19 2020 21:02:16

Opened log file 'Random_Molecules_1000.sdf.log'
Opened input file 'Random_Molecules_1000.sdf'
Opened output file 'Random_Molecules_1000.sdf.txt'
Opened problem file 'Random_Molecules_1000.sdf.prb'
The command line used:
"./inchi-1 Random_Molecules_1000.sdf -AuxNone -Tabbed -Key"
Generating standard InChI
Generating standard InChIKey
Input format: MOLfile
Output format: Plain text, tabbed
Aux. info suppressed
Timeout per structure: 60000 msec
Up to 1024 atoms per structure


Warning: (V3000 enhanced stereo read/stored but ignored) inp structure #2.
Warning: (V3000 enhanced stereo read/stored but ignored) inp structure #4.
Warning: (V3000 enhanced stereo read/stored but ignored) inp structure #7.
Warning: (V3000 enhanced stereo read/stored but ignored) inp structure #9.
Warning: (V3000 enhanced stereo read/stored but ignored) inp structure #10.
Warning: (V3000 enhanced stereo read/stored but ignored) inp structure #12.
Warning: (V3000 enhanced stereo read/stored but ignored) inp structure #13.
Warning: (V3000 enhanced stereo read/stored but ignored) inp structure #14.
Warning: (V3000 enhanced stereo read/stored but ignored) inp structure #15.
Warning: (V3000 enhanced stereo read/stored but ignored) inp structure #18.
Warning: (V3000 enhanced stereo read/stored but ignored) inp structure #19.
Warning: (V3000 enhanced stereo read/stored but ignored) inp structure #21.
Warning: (V3000 enhanced stereo read/stored but ignored) inp structure #22.
Warning: (V3000 enhanced stereo read/stored but ignored) inp structure #24.
Warning: (V3000 enhanced stereo read/stored but ignored) inp structure #25.
Warning: (V3000 enhanced stereo read/stored but ignored) inp structure #26.
Warning: (V3000 enhanced stereo read/stored but ignored) inp structure #28.
Warning: (V3000 enhanced stereo read/stored but ignored) inp structure #31.
Warning: (V3000 enhanced stereo read/stored but ignored) inp structure #33.
Warning: (V3000 enhanced stereo read/stored but ignored) inp structure #34.
Warning: (V3000 enhanced stereo read/stored but ignored) inp structure #36.
Warning: (V3000 enhanced stereo read/stored but ignored) inp structure #38.
Warning: (V3000 enhanced stereo read/stored but ignored) inp structure #39.
Warning: (V3000 enhanced stereo read/stored but ignored) inp structure #40.
Warning: (V3000 enhanced stereo read/stored but ignored) inp structure #44.
Warning: (V3000 enhanced stereo read/stored but ignored) inp structure #45.
Warning: (V3000 enhanced stereo read/stored but ignored) inp structure #50.
Warning: (V3000 enhanced stereo read/stored but ignored) inp structure #51.
Warning: (V3000 enhanced stereo read/stored but ignored) inp structure #53.
Warning: (V3000 enhanced stereo read/stored but ignored) inp structure #56.
Warning: (V3000 enhanced stereo read/stored but ignored) inp structure #57.
Warning: (V3000 enhanced stereo read/stored but ignored) inp structure #58.
Warning: (V3000 enhanced stereo read/stored but ignored) inp structure #60.
Warning: (V3000 enhanced stereo read/stored but ignored) inp structure #61.
Warning: (V3000 enhanced stereo read/stored but ignored) inp structure #65.
Warning (Omitted undefined stereo) structure #66.
Warning: (V3000 enhanced stereo read/stored but ignored) inp structure #68.
Warning: (V3000 enhanced stereo read/stored but ignored) inp structure #69.
Warning: (V3000 enhanced stereo read/stored but ignored) inp structure #70.
Warning: (V3000 enhanced stereo read/stored but ignored) inp structure #71.
Warning (Omitted undefined stereo) structure #71.
Warning: (V3000 enhanced stereo read/stored but ignored) inp structure #72.
Warning: (V3000 enhanced stereo read/stored but ignored) inp structure #74.
Warning: (V3000 enhanced stereo read/stored but ignored) inp structure #76.
Warning: (V3000 enhanced stereo read/stored but ignored) inp structure #77.
Warning: (V3000 enhanced stereo read/stored but ignored) inp structure #80.
Warning: (V3000 enhanced stereo read/stored but ignored) inp structure #89.
Warning: (V3000 enhanced stereo read/stored but ignored) inp structure #90.
Warning: (V3000 enhanced stereo read/stored but ignored) inp structure #92.
Warning: (V3000 enhanced stereo read/stored but ignored) inp structure #94.
Warning: (V3000 enhanced stereo read/stored but ignored) inp structure #101.
Warning: (V3000 enhanced stereo read/stored but ignored) inp structure #104.
Warning: (V3000 enhanced stereo read/stored but ignored) inp structure #107.
Warning: (V3000 enhanced stereo read/stored but ignored) inp structure #108.
Warning: (V3000 enhanced stereo read/stored but ignored) inp structure #109.
Warning: (V3000 enhanced stereo read/stored but ignored) inp structure #110.
Warning: (V3000 enhanced stereo read/stored but ignored) inp structure #111.
Warning: (V3000 enhanced stereo read/stored but ignored) inp structure #112.
Warning: (V3000 enhanced stereo read/stored but ignored) inp structure #113.
Warning: (V3000 enhanced stereo read/stored but ignored) inp structure #114.
Warning: (V3000 enhanced stereo read/stored but ignored) inp structure #115.
Warning: (V3000 enhanced stereo read/stored but ignored) inp structure #116.
Warning: (V3000 enhanced stereo read/stored but ignored) inp structure #118.
Warning: (V3000 enhanced stereo read/stored but ignored) inp structure #119.
Warning: (V3000 enhanced stereo read/stored but ignored) inp structure #121.
Warning: (V3000 enhanced stereo read/stored but ignored) inp structure #123.
Warning: (V3000 enhanced stereo read/stored but ignored) inp structure #124.
Warning (Omitted undefined stereo) structure #125.
Warning: (V3000 enhanced stereo read/stored but ignored) inp structure #128.
Warning: (V3000 enhanced stereo read/stored but ignored) inp structure #131.
Warning: (V3000 enhanced stereo read/stored but ignored) inp structure #134.
Warning: (V3000 enhanced stereo read/stored but ignored) inp structure #137.
Warning: (V3000 enhanced stereo read/stored but ignored) inp structure #141.
Warning: (V3000 enhanced stereo read/stored but ignored) inp structure #143.
Warning: (V3000 enhanced stereo read/stored but ignored) inp structure #145.
Warning: (V3000 enhanced stereo read/stored but ignored) inp structure #146.
Warning: (V3000 enhanced stereo read/stored but ignored) inp structure #148.
Warning: (V3000 enhanced stereo read/stored but ignored) inp structure #149.
Warning: (V3000 enhanced stereo read/stored but ignored) inp structure #150.
Warning: (V3000 enhanced stereo read/stored but ignored) inp structure #153.
Warning: (V3000 enhanced stereo read/stored but ignored) inp structure #155.
Warning: (V3000 enhanced stereo read/stored but ignored) inp structure #157.
Warning (Omitted undefined stereo) structure #158.
Warning: (V3000 enhanced stereo read/stored but ignored) inp structure #163.
Warning: (V3000 enhanced stereo read/stored but ignored) inp structure #164.
Warning: (V3000 enhanced stereo read/stored but ignored) inp structure #165.
Warning: (V3000 enhanced stereo read/stored but ignored) inp structure #166.
Warning: (V3000 enhanced stereo read/stored but ignored) inp structure #167.
Warning: (V3000 enhanced stereo read/stored but ignored) inp structure #168.
Warning: (V3000 enhanced stereo read/stored but ignored) inp structure #170.
Warning: (V3000 enhanced stereo read/stored but ignored) inp structure #172.
Warning: (V3000 enhanced stereo read/stored but ignored) inp structure #173.
Warning (Omitted undefined stereo) structure #173.
Warning: (V3000 enhanced stereo read/stored but ignored) inp structure #177.
Warning: (V3000 enhanced stereo read/stored but ignored) inp structure #178.
Warning: (V3000 enhanced stereo read/stored but ignored) inp structure #179.
Warning: (V3000 enhanced stereo read/stored but ignored) inp structure #184.
Warning: (V3000 enhanced stereo read/stored but ignored) inp structure #185.
Warning: (V3000 enhanced stereo read/stored but ignored) inp structure #187.
Warning: (V3000 enhanced stereo read/stored but ignored) inp structure #188.
Warning: (V3000 enhanced stereo read/stored but ignored) inp structure #193.
Warning: (V3000 enhanced stereo read/stored but ignored) inp structure #194.
Warning: (V3000 enhanced stereo read/stored but ignored) inp structure #196.
Warning: (V3000 enhanced stereo read/stored but ignored) inp structure #197.
Warning: (V3000 enhanced stereo read/stored but ignored) inp structure #198.
Warning: (V3000 enhanced stereo read/stored but ignored) inp structure #199.
Warning (Charges were rearranged) structure #199.
Warning: (V3000 enhanced stereo read/stored but ignored) inp structure #201.
Warning: (V3000 enhanced stereo read/stored but ignored) inp structure #203.
Warning: (V3000 enhanced stereo read/stored but ignored) inp structure #204.
Warning: (V3000 enhanced stereo read/stored but ignored) inp structure #205.
Warning: (V3000 enhanced stereo read/stored but ignored) inp structure #207.
Warning: (V3000 enhanced stereo read/stored but ignored) inp structure #208.
Warning: (V3000 enhanced stereo read/stored but ignored) inp structure #209.
Warning: (V3000 enhanced stereo read/stored but ignored) inp structure #212.
Warning: (V3000 enhanced stereo read/stored but ignored) inp structure #213.
Warning: (V3000 enhanced stereo read/stored but ignored) inp structure #220.
Warning: (V3000 enhanced stereo read/stored but ignored) inp structure #225.
Warning: (V3000 enhanced stereo read/stored but ignored) inp structure #226.
Warning: (V3000 enhanced stereo read/stored but ignored) inp structure #227.
Warning: (V3000 enhanced stereo read/stored but ignored) inp structure #230.
Warning: (V3000 enhanced stereo read/stored but ignored) inp structure #231.
Warning: (V3000 enhanced stereo read/stored but ignored) inp structure #233.
Warning: (V3000 enhanced stereo read/stored but ignored) inp structure #235.
Warning: (V3000 enhanced stereo read/stored but ignored) inp structure #236.
Warning: (V3000 enhanced stereo read/stored but ignored) inp structure #240.
Warning: (V3000 enhanced stereo read/stored but ignored) inp structure #241.
Warning: (V3000 enhanced stereo read/stored but ignored) inp structure #242.
Warning: (V3000 enhanced stereo read/stored but ignored) inp structure #244.
Warning: (V3000 enhanced stereo read/stored but ignored) inp structure #245.
Warning: (V3000 enhanced stereo read/stored but ignored) inp structure #249.
Warning: (V3000 enhanced stereo read/stored but ignored) inp structure #250.
Warning (Proton(s) added/removed) structure #252.
Warning: (V3000 enhanced stereo read/stored but ignored) inp structure #253.
Warning (Charges were rearranged) structure #255.
Warning: (V3000 enhanced stereo read/stored but ignored) inp structure #256.
Warning: (V3000 enhanced stereo read/stored but ignored) inp structure #260.
Warning: (V3000 enhanced stereo read/stored but ignored) inp structure #263.
Warning: (V3000 enhanced stereo read/stored but ignored) inp structure #265.
Warning: (V3000 enhanced stereo read/stored but ignored) inp structure #267.
Warning: (V3000 enhanced stereo read/stored but ignored) inp structure #268.
Warning: (V3000 enhanced stereo read/stored but ignored) inp structure #274.
Warning: (V3000 enhanced stereo read/stored but ignored) inp structure #275.
Warning: (V3000 enhanced stereo read/stored but ignored) inp structure #279.
Warning: (V3000 enhanced stereo read/stored but ignored) inp structure #281.
Warning: (V3000 enhanced stereo read/stored but ignored) inp structure #282.
Warning: (V3000 enhanced stereo read/stored but ignored) inp structure #283.
Warning (Omitted undefined stereo) structure #290.
Warning: (V3000 enhanced stereo read/stored but ignored) inp structure #291.
Warning (Charges were rearranged) structure #291.
Warning: (V3000 enhanced stereo read/stored but ignored) inp structure #293.
Warning: (V3000 enhanced stereo read/stored but ignored) inp structure #295.
Warning: (V3000 enhanced stereo read/stored but ignored) inp structure #297.
Warning: (V3000 enhanced stereo read/stored but ignored) inp structure #298.
Warning: (V3000 enhanced stereo read/stored but ignored) inp structure #302.
Warning: (V3000 enhanced stereo read/stored but ignored) inp structure #303.
Warning: (V3000 enhanced stereo read/stored but ignored) inp structure #307.
Warning: (V3000 enhanced stereo read/stored but ignored) inp structure #308.
Warning: (V3000 enhanced stereo read/stored but ignored) inp structure #309.
Warning: (V3000 enhanced stereo read/stored but ignored) inp structure #311.
Warning: (V3000 enhanced stereo read/stored but ignored) inp structure #312.
Warning: (V3000 enhanced stereo read/stored but ignored) inp structure #314.
Warning: (V3000 enhanced stereo read/stored but ignored) inp structure #315.
Warning: (V3000 enhanced stereo read/stored but ignored) inp structure #316.
Warning: (V3000 enhanced stereo read/stored but ignored) inp structure #317.
Warning: (V3000 enhanced stereo read/stored but ignored) inp structure #318.
Warning: (V3000 enhanced stereo read/stored but ignored) inp structure #320.
Warning: (V3000 enhanced stereo read/stored but ignored) inp structure #322.
Warning: (V3000 enhanced stereo read/stored but ignored) inp structure #328.
Warning: (V3000 enhanced stereo read/stored but ignored) inp structure #329.
Warning: (V3000 enhanced stereo read/stored but ignored) inp structure #330.
Warning: (V3000 enhanced stereo read/stored but ignored) inp structure #331.
Warning (Proton(s) added/removed) structure #331.
Warning: (V3000 enhanced stereo read/stored but ignored) inp structure #333.
Warning: (V3000 enhanced stereo read/stored but ignored) inp structure #335.
Warning: (V3000 enhanced stereo read/stored but ignored) inp structure #336.
Warning: (V3000 enhanced stereo read/stored but ignored) inp structure #338.
Warning: (V3000 enhanced stereo read/stored but ignored) inp structure #339.
Warning: (V3000 enhanced stereo read/stored but ignored) inp structure #342.
Warning: (V3000 enhanced stereo read/stored but ignored) inp structure #343.
Warning: (V3000 enhanced stereo read/stored but ignored) inp structure #344.
Warning (Charges were rearranged) structure #344.
Warning: (V3000 enhanced stereo read/stored but ignored) inp structure #345.
Warning: (V3000 enhanced stereo read/stored but ignored) inp structure #348.
Warning: (V3000 enhanced stereo read/stored but ignored) inp structure #349.
Warning: (V3000 enhanced stereo read/stored but ignored) inp structure #351.
Warning: (V3000 enhanced stereo read/stored but ignored) inp structure #353.
Warning: (V3000 enhanced stereo read/stored but ignored) inp structure #354.
Warning: (V3000 enhanced stereo read/stored but ignored) inp structure #355.
Warning: (V3000 enhanced stereo read/stored but ignored) inp structure #356.
Warning (Proton(s) added/removed) structure #359.
Warning: (V3000 enhanced stereo read/stored but ignored) inp structure #365.
Warning: (V3000 enhanced stereo read/stored but ignored) inp structure #366.
Warning: (V3000 enhanced stereo read/stored but ignored) inp structure #367.
Warning (Proton(s) added/removed) structure #367.
Warning: (V3000 enhanced stereo read/stored but ignored) inp structure #370.
Warning: (V3000 enhanced stereo read/stored but ignored) inp structure #371.
Warning: (V3000 enhanced stereo read/stored but ignored) inp structure #373.
Warning: (V3000 enhanced stereo read/stored but ignored) inp structure #374.
Warning: (V3000 enhanced stereo read/stored but ignored) inp structure #375.
Warning: (V3000 enhanced stereo read/stored but ignored) inp structure #376.
Warning: (V3000 enhanced stereo read/stored but ignored) inp structure #377.
Warning: (V3000 enhanced stereo read/stored but ignored) inp structure #378.
Warning (Omitted undefined stereo) structure #379.
Warning: (V3000 enhanced stereo read/stored but ignored) inp structure #380.
Warning: (V3000 enhanced stereo read/stored but ignored) inp structure #381.
Warning: (V3000 enhanced stereo read/stored but ignored) inp structure #383.
Warning: (V3000 enhanced stereo read/stored but ignored) inp structure #385.
Warning: (V3000 enhanced stereo read/stored but ignored) inp structure #389.
Warning (Proton(s) added/removed) structure #390.
Warning: (V3000 enhanced stereo read/stored but ignored) inp structure #392.
Warning: (V3000 enhanced stereo read/stored but ignored) inp structure #393.
Warning: (V3000 enhanced stereo read/stored but ignored) inp structure #394.
Warning: (V3000 enhanced stereo read/stored but ignored) inp structure #397.
Warning: (V3000 enhanced stereo read/stored but ignored) inp structure #404.
Warning: (V3000 enhanced stereo read/stored but ignored) inp structure #406.
Warning: (V3000 enhanced stereo read/stored but ignored) inp structure #407.
Warning: (V3000 enhanced stereo read/stored but ignored) inp structure #408.
Warning: (V3000 enhanced stereo read/stored but ignored) inp structure #409.
Warning: (V3000 enhanced stereo read/stored but ignored) inp structure #410.
Warning: (V3000 enhanced stereo read/stored but ignored) inp structure #414.
Warning: (V3000 enhanced stereo read/stored but ignored) inp structure #415.
Warning: (V3000 enhanced stereo read/stored but ignored) inp structure #417.
Warning: (V3000 enhanced stereo read/stored but ignored) inp structure #419.
Warning: (V3000 enhanced stereo read/stored but ignored) inp structure #420.
Warning: (V3000 enhanced stereo read/stored but ignored) inp structure #421.
Warning: (V3000 enhanced stereo read/stored but ignored) inp structure #422.
Warning (Omitted undefined stereo) structure #424.
Warning: (V3000 enhanced stereo read/stored but ignored) inp structure #430.
Warning: (V3000 enhanced stereo read/stored but ignored) inp structure #433.
Warning: (V3000 enhanced stereo read/stored but ignored) inp structure #434.
Warning: (V3000 enhanced stereo read/stored but ignored) inp structure #437.
Warning: (V3000 enhanced stereo read/stored but ignored) inp structure #440.
Warning: (V3000 enhanced stereo read/stored but ignored) inp structure #443.
Warning: (V3000 enhanced stereo read/stored but ignored) inp structure #445.
Warning: (V3000 enhanced stereo read/stored but ignored) inp structure #448.
Warning: (V3000 enhanced stereo read/stored but ignored) inp structure #449.
Warning: (V3000 enhanced stereo read/stored but ignored) inp structure #450.
Warning: (V3000 enhanced stereo read/stored but ignored) inp structure #452.
Warning: (V3000 enhanced stereo read/stored but ignored) inp structure #453.
Warning: (V3000 enhanced stereo read/stored but ignored) inp structure #455.
Warning: (V3000 enhanced stereo read/stored but ignored) inp structure #457.
Warning: (V3000 enhanced stereo read/stored but ignored) inp structure #458.
Warning: (V3000 enhanced stereo read/stored but ignored) inp structure #459.
Warning: (V3000 enhanced stereo read/stored but ignored) inp structure #460.
Warning: (V3000 enhanced stereo read/stored but ignored) inp structure #461.
Warning: (V3000 enhanced stereo read/stored but ignored) inp structure #462.
Warning: (V3000 enhanced stereo read/stored but ignored) inp structure #463.
Warning: (V3000 enhanced stereo read/stored but ignored) inp structure #464.
Warning: (V3000 enhanced stereo read/stored but ignored) inp structure #466.
Warning: (V3000 enhanced stereo read/stored but ignored) inp structure #469.
Warning: (V3000 enhanced stereo read/stored but ignored) inp structure #470.
Warning: (V3000 enhanced stereo read/stored but ignored) inp structure #471.
Warning: (V3000 enhanced stereo read/stored but ignored) inp structure #472.
Warning: (V3000 enhanced stereo read/stored but ignored) inp structure #473.
Warning: (V3000 enhanced stereo read/stored but ignored) inp structure #475.
Warning: (V3000 enhanced stereo read/stored but ignored) inp structure #476.
Warning: (V3000 enhanced stereo read/stored but ignored) inp structure #477.
Warning: (V3000 enhanced stereo read/stored but ignored) inp structure #478.
Warning (Proton(s) added/removed) structure #479.
Warning: (V3000 enhanced stereo read/stored but ignored) inp structure #480.
Warning: (V3000 enhanced stereo read/stored but ignored) inp structure #481.
Warning: (V3000 enhanced stereo read/stored but ignored) inp structure #482.
Warning: (V3000 enhanced stereo read/stored but ignored) inp structure #485.
Warning: (V3000 enhanced stereo read/stored but ignored) inp structure #488.
Warning: (V3000 enhanced stereo read/stored but ignored) inp structure #490.
Warning: (V3000 enhanced stereo read/stored but ignored) inp structure #491.
Warning: (V3000 enhanced stereo read/stored but ignored) inp structure #493.
Warning: (V3000 enhanced stereo read/stored but ignored) inp structure #496.
Warning: (V3000 enhanced stereo read/stored but ignored) inp structure #498.
Warning: (V3000 enhanced stereo read/stored but ignored) inp structure #499.
Warning: (V3000 enhanced stereo read/stored but ignored) inp structure #500.
Warning: (V3000 enhanced stereo read/stored but ignored) inp structure #501.
Warning: (V3000 enhanced stereo read/stored but ignored) inp structure #502.
Warning: (V3000 enhanced stereo read/stored but ignored) inp structure #505.
Warning: (V3000 enhanced stereo read/stored but ignored) inp structure #506.
Warning: (V3000 enhanced stereo read/stored but ignored) inp structure #507.
Warning: (V3000 enhanced stereo read/stored but ignored) inp structure #511.
Warning: (V3000 enhanced stereo read/stored but ignored) inp structure #513.
Warning: (V3000 enhanced stereo read/stored but ignored) inp structure #515.
Warning: (V3000 enhanced stereo read/stored but ignored) inp structure #516.
Warning: (V3000 enhanced stereo read/stored but ignored) inp structure #517.
Warning: (V3000 enhanced stereo read/stored but ignored) inp structure #518.
Warning: (V3000 enhanced stereo read/stored but ignored) inp structure #521.
Warning: (V3000 enhanced stereo read/stored but ignored) inp structure #522.
Warning: (V3000 enhanced stereo read/stored but ignored) inp structure #524.
Warning: (V3000 enhanced stereo read/stored but ignored) inp structure #526.
Warning: (V3000 enhanced stereo read/stored but ignored) inp structure #528.
Warning: (V3000 enhanced stereo read/stored but ignored) inp structure #529.
Warning: (V3000 enhanced stereo read/stored but ignored) inp structure #532.
Warning: (V3000 enhanced stereo read/stored but ignored) inp structure #533.
Warning: (V3000 enhanced stereo read/stored but ignored) inp structure #535.
Warning: (V3000 enhanced stereo read/stored but ignored) inp structure #538.
Warning: (V3000 enhanced stereo read/stored but ignored) inp structure #539.
Warning: (V3000 enhanced stereo read/stored but ignored) inp structure #541.
Warning: (V3000 enhanced stereo read/stored but ignored) inp structure #543.
Warning: (V3000 enhanced stereo read/stored but ignored) inp structure #544.
Warning: (V3000 enhanced stereo read/stored but ignored) inp structure #547.
Warning: (V3000 enhanced stereo read/stored but ignored) inp structure #553.
Warning: (V3000 enhanced stereo read/stored but ignored) inp structure #554.
Warning: (V3000 enhanced stereo read/stored but ignored) inp structure #556.
Warning: (V3000 enhanced stereo read/stored but ignored) inp structure #560.
Warning: (V3000 enhanced stereo read/stored but ignored) inp structure #562.
Warning: (V3000 enhanced stereo read/stored but ignored) inp structure #565.
Warning: (V3000 enhanced stereo read/stored but ignored) inp structure #566.
Warning: (V3000 enhanced stereo read/stored but ignored) inp structure #568.
Warning: (V3000 enhanced stereo read/stored but ignored) inp structure #569.
Warning: (V3000 enhanced stereo read/stored but ignored) inp structure #574.
Warning: (V3000 enhanced stereo read/stored but ignored) inp structure #575.
Warning: (V3000 enhanced stereo read/stored but ignored) inp structure #576.
Warning: (V3000 enhanced stereo read/stored but ignored) inp structure #578.
Warning: (V3000 enhanced stereo read/stored but ignored) inp structure #581.
Warning: (V3000 enhanced stereo read/stored but ignored) inp structure #582.
Warning: (V3000 enhanced stereo read/stored but ignored) inp structure #583.
Warning: (V3000 enhanced stereo read/stored but ignored) inp structure #584.
Warning: (V3000 enhanced stereo read/stored but ignored) inp structure #587.
Warning: (V3000 enhanced stereo read/stored but ignored) inp structure #588.
Warning: (V3000 enhanced stereo read/stored but ignored) inp structure #592.
Warning: (V3000 enhanced stereo read/stored but ignored) inp structure #593.
Warning: (V3000 enhanced stereo read/stored but ignored) inp structure #594.
Warning: (V3000 enhanced stereo read/stored but ignored) inp structure #595.
Warning: (V3000 enhanced stereo read/stored but ignored) inp structure #600.
Warning (Proton(s) added/removed) structure #603.
Warning: (V3000 enhanced stereo read/stored but ignored) inp structure #605.
Warning: (V3000 enhanced stereo read/stored but ignored) inp structure #606.
Warning: (V3000 enhanced stereo read/stored but ignored) inp structure #607.
Warning: (V3000 enhanced stereo read/stored but ignored) inp structure #608.
Warning: (V3000 enhanced stereo read/stored but ignored) inp structure #609.
Warning: (V3000 enhanced stereo read/stored but ignored) inp structure #611.
Warning: (V3000 enhanced stereo read/stored but ignored) inp structure #612.
Warning: (V3000 enhanced stereo read/stored but ignored) inp structure #613.
Warning: (V3000 enhanced stereo read/stored but ignored) inp structure #616.
Warning: (V3000 enhanced stereo read/stored but ignored) inp structure #618.
Warning: (V3000 enhanced stereo read/stored but ignored) inp structure #623.
Warning (Proton(s) added/removed) structure #623.
Warning: (V3000 enhanced stereo read/stored but ignored) inp structure #627.
Warning: (V3000 enhanced stereo read/stored but ignored) inp structure #628.
Warning: (V3000 enhanced stereo read/stored but ignored) inp structure #629.
Warning: (V3000 enhanced stereo read/stored but ignored) inp structure #632.
Warning: (V3000 enhanced stereo read/stored but ignored) inp structure #634.
Warning: (V3000 enhanced stereo read/stored but ignored) inp structure #635.
Warning: (V3000 enhanced stereo read/stored but ignored) inp structure #636.
Warning: (V3000 enhanced stereo read/stored but ignored) inp structure #639.
Warning: (V3000 enhanced stereo read/stored but ignored) inp structure #641.
Warning: (V3000 enhanced stereo read/stored but ignored) inp structure #643.
Warning: (V3000 enhanced stereo read/stored but ignored) inp structure #645.
Warning (Proton(s) added/removed) structure #645.
Warning: (V3000 enhanced stereo read/stored but ignored) inp structure #648.
Warning: (V3000 enhanced stereo read/stored but ignored) inp structure #649.
Warning (Omitted undefined stereo) structure #649.
Warning: (V3000 enhanced stereo read/stored but ignored) inp structure #650.
Warning: (V3000 enhanced stereo read/stored but ignored) inp structure #651.
Warning: (V3000 enhanced stereo read/stored but ignored) inp structure #652.
Warning: (V3000 enhanced stereo read/stored but ignored) inp structure #656.
Warning: (V3000 enhanced stereo read/stored but ignored) inp structure #660.
Warning: (V3000 enhanced stereo read/stored but ignored) inp structure #662.
Warning: (V3000 enhanced stereo read/stored but ignored) inp structure #663.
Warning: (V3000 enhanced stereo read/stored but ignored) inp structure #665.
Warning: (V3000 enhanced stereo read/stored but ignored) inp structure #667.
Warning: (V3000 enhanced stereo read/stored but ignored) inp structure #668.
Warning: (V3000 enhanced stereo read/stored but ignored) inp structure #671.
Warning: (V3000 enhanced stereo read/stored but ignored) inp structure #672.
Warning: (V3000 enhanced stereo read/stored but ignored) inp structure #678.
Warning: (V3000 enhanced stereo read/stored but ignored) inp structure #679.
Warning: (V3000 enhanced stereo read/stored but ignored) inp structure #682.
Warning: (V3000 enhanced stereo read/stored but ignored) inp structure #683.
Warning: (V3000 enhanced stereo read/stored but ignored) inp structure #686.
Warning: (V3000 enhanced stereo read/stored but ignored) inp structure #689.
Warning: (V3000 enhanced stereo read/stored but ignored) inp structure #690.
Warning: (V3000 enhanced stereo read/stored but ignored) inp structure #700.
Warning: (V3000 enhanced stereo read/stored but ignored) inp structure #706.
Warning: (V3000 enhanced stereo read/stored but ignored) inp structure #707.
Warning: (V3000 enhanced stereo read/stored but ignored) inp structure #708.
Warning: (V3000 enhanced stereo read/stored but ignored) inp structure #709.
Warning: (V3000 enhanced stereo read/stored but ignored) inp structure #711.
Warning: (V3000 enhanced stereo read/stored but ignored) inp structure #713.
Warning: (V3000 enhanced stereo read/stored but ignored) inp structure #715.
Warning: (V3000 enhanced stereo read/stored but ignored) inp structure #716.
Warning: (V3000 enhanced stereo read/stored but ignored) inp structure #718.
Warning: (V3000 enhanced stereo read/stored but ignored) inp structure #719.
Warning: (V3000 enhanced stereo read/stored but ignored) inp structure #720.
Warning: (V3000 enhanced stereo read/stored but ignored) inp structure #722.
Warning: (V3000 enhanced stereo read/stored but ignored) inp structure #725.
Warning: (V3000 enhanced stereo read/stored but ignored) inp structure #726.
Warning: (V3000 enhanced stereo read/stored but ignored) inp structure #728.
Warning: (V3000 enhanced stereo read/stored but ignored) inp structure #729.
Warning (Charges were rearranged) structure #729.
Warning: (V3000 enhanced stereo read/stored but ignored) inp structure #730.
Warning: (V3000 enhanced stereo read/stored but ignored) inp structure #731.
Warning: (V3000 enhanced stereo read/stored but ignored) inp structure #732.
Warning: (V3000 enhanced stereo read/stored but ignored) inp structure #733.
Warning: (V3000 enhanced stereo read/stored but ignored) inp structure #734.
Warning: (V3000 enhanced stereo read/stored but ignored) inp structure #736.
Warning: (V3000 enhanced stereo read/stored but ignored) inp structure #737.
Warning: (V3000 enhanced stereo read/stored but ignored) inp structure #738.
Warning (Omitted undefined stereo) structure #738.
Warning: (V3000 enhanced stereo read/stored but ignored) inp structure #740.
Warning: (V3000 enhanced stereo read/stored but ignored) inp structure #742.
Warning: (V3000 enhanced stereo read/stored but ignored) inp structure #746.
Warning: (V3000 enhanced stereo read/stored but ignored) inp structure #747.
Warning: (V3000 enhanced stereo read/stored but ignored) inp structure #748.
Warning: (V3000 enhanced stereo read/stored but ignored) inp structure #750.
Warning: (V3000 enhanced stereo read/stored but ignored) inp structure #751.
Warning: (V3000 enhanced stereo read/stored but ignored) inp structure #753.
Warning: (V3000 enhanced stereo read/stored but ignored) inp structure #755.
Warning: (V3000 enhanced stereo read/stored but ignored) inp structure #756.
Warning: (V3000 enhanced stereo read/stored but ignored) inp structure #757.
Warning (Proton(s) added/removed) structure #758.
Warning: (V3000 enhanced stereo read/stored but ignored) inp structure #760.
Warning: (V3000 enhanced stereo read/stored but ignored) inp structure #764.
Warning: (V3000 enhanced stereo read/stored but ignored) inp structure #766.
Warning: (V3000 enhanced stereo read/stored but ignored) inp structure #767.
Warning: (V3000 enhanced stereo read/stored but ignored) inp structure #768.
Warning: (V3000 enhanced stereo read/stored but ignored) inp structure #769.
Warning: (V3000 enhanced stereo read/stored but ignored) inp structure #770.
Warning: (V3000 enhanced stereo read/stored but ignored) inp structure #771.
Warning: (V3000 enhanced stereo read/stored but ignored) inp structure #776.
Warning: (V3000 enhanced stereo read/stored but ignored) inp structure #777.
Warning: (V3000 enhanced stereo read/stored but ignored) inp structure #778.
Warning: (V3000 enhanced stereo read/stored but ignored) inp structure #779.
Warning: (V3000 enhanced stereo read/stored but ignored) inp structure #780.
Warning: (V3000 enhanced stereo read/stored but ignored) inp structure #782.
Warning: (V3000 enhanced stereo read/stored but ignored) inp structure #784.
Warning: (V3000 enhanced stereo read/stored but ignored) inp structure #785.
Warning: (V3000 enhanced stereo read/stored but ignored) inp structure #786.
Warning: (V3000 enhanced stereo read/stored but ignored) inp structure #787.
Warning: (V3000 enhanced stereo read/stored but ignored) inp structure #788.
Warning: (V3000 enhanced stereo read/stored but ignored) inp structure #789.
Warning: (V3000 enhanced stereo read/stored but ignored) inp structure #791.
Warning: (V3000 enhanced stereo read/stored but ignored) inp structure #792.
Warning: (V3000 enhanced stereo read/stored but ignored) inp structure #796.
Warning: (V3000 enhanced stereo read/stored but ignored) inp structure #799.
Warning: (V3000 enhanced stereo read/stored but ignored) inp structure #802.
Warning: (V3000 enhanced stereo read/stored but ignored) inp structure #806.
Warning: (V3000 enhanced stereo read/stored but ignored) inp structure #811.
Warning: (V3000 enhanced stereo read/stored but ignored) inp structure #812.
Warning: (V3000 enhanced stereo read/stored but ignored) inp structure #813.
Warning: (V3000 enhanced stereo read/stored but ignored) inp structure #816.
Warning: (V3000 enhanced stereo read/stored but ignored) inp structure #818.
Warning: (V3000 enhanced stereo read/stored but ignored) inp structure #820.
Warning (Omitted undefined stereo) structure #820.
Warning: (V3000 enhanced stereo read/stored but ignored) inp structure #821.
Warning: (V3000 enhanced stereo read/stored but ignored) inp structure #822.
Warning: (V3000 enhanced stereo read/stored but ignored) inp structure #827.
Warning: (V3000 enhanced stereo read/stored but ignored) inp structure #828.
Warning: (V3000 enhanced stereo read/stored but ignored) inp structure #831.
Warning: (V3000 enhanced stereo read/stored but ignored) inp structure #835.
Warning: (V3000 enhanced stereo read/stored but ignored) inp structure #836.
Warning: (V3000 enhanced stereo read/stored but ignored) inp structure #837.
Warning: (V3000 enhanced stereo read/stored but ignored) inp structure #839.
Warning: (V3000 enhanced stereo read/stored but ignored) inp structure #842.
Warning: (V3000 enhanced stereo read/stored but ignored) inp structure #843.
Warning: (V3000 enhanced stereo read/stored but ignored) inp structure #845.
Warning: (V3000 enhanced stereo read/stored but ignored) inp structure #846.
Warning: (V3000 enhanced stereo read/stored but ignored) inp structure #847.
Warning: (V3000 enhanced stereo read/stored but ignored) inp structure #848.
Warning: (V3000 enhanced stereo read/stored but ignored) inp structure #850.
Warning: (V3000 enhanced stereo read/stored but ignored) inp structure #851.
Warning (Charges were rearranged) structure #852.
Warning: (V3000 enhanced stereo read/stored but ignored) inp structure #853.
Warning: (V3000 enhanced stereo read/stored but ignored) inp structure #856.
Warning: (V3000 enhanced stereo read/stored but ignored) inp structure #858.
Warning: (V3000 enhanced stereo read/stored but ignored) inp structure #859.
Warning: (V3000 enhanced stereo read/stored but ignored) inp structure #864.
Warning: (V3000 enhanced stereo read/stored but ignored) inp structure #865.
Warning: (V3000 enhanced stereo read/stored but ignored) inp structure #867.
Warning: (V3000 enhanced stereo read/stored but ignored) inp structure #868.
Warning: (V3000 enhanced stereo read/stored but ignored) inp structure #869.
Warning: (V3000 enhanced stereo read/stored but ignored) inp structure #870.
Warning: (V3000 enhanced stereo read/stored but ignored) inp structure #871.
Warning: (V3000 enhanced stereo read/stored but ignored) inp structure #872.
Warning: (V3000 enhanced stereo read/stored but ignored) inp structure #873.
Warning: (V3000 enhanced stereo read/stored but ignored) inp structure #875.
Warning: (V3000 enhanced stereo read/stored but ignored) inp structure #876.
Warning: (V3000 enhanced stereo read/stored but ignored) inp structure #877.
Warning: (V3000 enhanced stereo read/stored but ignored) inp structure #879.
Warning: (V3000 enhanced stereo read/stored but ignored) inp structure #881.
Warning: (V3000 enhanced stereo read/stored but ignored) inp structure #882.
Warning: (V3000 enhanced stereo read/stored but ignored) inp structure #883.
Warning (Charges were rearranged) structure #884.
Warning: (V3000 enhanced stereo read/stored but ignored) inp structure #886.
Warning: (V3000 enhanced stereo read/stored but ignored) inp structure #887.
Warning: (V3000 enhanced stereo read/stored but ignored) inp structure #890.
Warning: (V3000 enhanced stereo read/stored but ignored) inp structure #893.
Warning: (V3000 enhanced stereo read/stored but ignored) inp structure #898.
Warning: (V3000 enhanced stereo read/stored but ignored) inp structure #899.
Warning: (V3000 enhanced stereo read/stored but ignored) inp structure #900.
Warning: (V3000 enhanced stereo read/stored but ignored) inp structure #903.
Warning: (V3000 enhanced stereo read/stored but ignored) inp structure #905.
Warning: (V3000 enhanced stereo read/stored but ignored) inp structure #906.
Warning: (V3000 enhanced stereo read/stored but ignored) inp structure #907.
Warning: (V3000 enhanced stereo read/stored but ignored) inp structure #910.
Warning: (V3000 enhanced stereo read/stored but ignored) inp structure #911.
Warning: (V3000 enhanced stereo read/stored but ignored) inp structure #912.
Warning: (V3000 enhanced stereo read/stored but ignored) inp structure #913.
Warning: (V3000 enhanced stereo read/stored but ignored) inp structure #915.
Warning: (V3000 enhanced stereo read/stored but ignored) inp structure #916.
Warning: (V3000 enhanced stereo read/stored but ignored) inp structure #918.
Warning: (V3000 enhanced stereo read/stored but ignored) inp structure #919.
Warning: (V3000 enhanced stereo read/stored but ignored) inp structure #921.
Warning: (V3000 enhanced stereo read/stored but ignored) inp structure #924.
Warning: (V3000 enhanced stereo read/stored but ignored) inp structure #925.
Warning: (V3000 enhanced stereo read/stored but ignored) inp structure #926.
Warning: (V3000 enhanced stereo read/stored but ignored) inp structure #929.
Warning: (V3000 enhanced stereo read/stored but ignored) inp structure #932.
Warning: (V3000 enhanced stereo read/stored but ignored) inp structure #934.
Warning: (V3000 enhanced stereo read/stored but ignored) inp structure #936.
Warning: (V3000 enhanced stereo read/stored but ignored) inp structure #937.
Warning: (V3000 enhanced stereo read/stored but ignored) inp structure #938.
Warning: (V3000 enhanced stereo read/stored but ignored) inp structure #941.
Warning: (V3000 enhanced stereo read/stored but ignored) inp structure #942.
Warning: (V3000 enhanced stereo read/stored but ignored) inp structure #943.
Warning: (V3000 enhanced stereo read/stored but ignored) inp structure #944.
Warning: (V3000 enhanced stereo read/stored but ignored) inp structure #945.
Warning: (V3000 enhanced stereo read/stored but ignored) inp structure #946.
Warning: (V3000 enhanced stereo read/stored but ignored) inp structure #947.
Warning: (V3000 enhanced stereo read/stored but ignored) inp structure #948.
Warning: (V3000 enhanced stereo read/stored but ignored) inp structure #950.
Warning: (V3000 enhanced stereo read/stored but ignored) inp structure #951.
Warning: (V3000 enhanced stereo read/stored but ignored) inp structure #953.
Warning (Proton(s) added/removed) structure #956.
Warning: (V3000 enhanced stereo read/stored but ignored) inp structure #958.
Warning: (V3000 enhanced stereo read/stored but ignored) inp structure #959.
Warning: (V3000 enhanced stereo read/stored but ignored) inp structure #960.
Warning: (V3000 enhanced stereo read/stored but ignored) inp structure #964.
Warning: (V3000 enhanced stereo read/stored but ignored) inp structure #966.
Warning: (V3000 enhanced stereo read/stored but ignored) inp structure #968.
Warning: (V3000 enhanced stereo read/stored but ignored) inp structure #969.
Warning: (V3000 enhanced stereo read/stored but ignored) inp structure #970.
Warning: (V3000 enhanced stereo read/stored but ignored) inp structure #972.
Warning: (V3000 enhanced stereo read/stored but ignored) inp structure #973.
Warning: (V3000 enhanced stereo read/stored but ignored) inp structure #974.
Warning: (V3000 enhanced stereo read/stored but ignored) inp structure #976.
Warning: (V3000 enhanced stereo read/stored but ignored) inp structure #977.
Warning: (V3000 enhanced stereo read/stored but ignored) inp structure #979.
Warning: (V3000 enhanced stereo read/stored but ignored) inp structure #982.
Warning: (V3000 enhanced stereo read/stored but ignored) inp structure #984.
Warning: (V3000 enhanced stereo read/stored but ignored) inp structure #986.
Warning: (V3000 enhanced stereo read/stored but ignored) inp structure #992.
Warning: (V3000 enhanced stereo read/stored but ignored) inp structure #993.
Warning: (V3000 enhanced stereo read/stored but ignored) inp structure #997.
Warning: (V3000 enhanced stereo read/stored but ignored) inp structure #999.
Warning: (V3000 enhanced stereo read/stored but ignored) inp structure #1000.
End of file detected after structure #1000.   
Finished processing 1000 structures: 0 errors, processing time 0:00:00.00
